app/build/intermediates/manifest_merge_blame_file/debug/manifest-merger-blame-debug-report.txt
1<?xml version="1.0" encoding="utf-8"?>
2<manifest xmlns:android="http://schemas.android.com/apk/res/android"
3    package="com.akapps.jossfm4u"
4    android:versionCode="1"
5    android:versionName="1.0" >
6
7    <uses-sdk
8        android:minSdkVersion="19"
8-->src\main\AndroidManifest.xml
9        android:targetSdkVersion="33" />
9-->src\main\AndroidManifest.xml
10
11    <uses-permission android:name="android.permission.INTERNET" />
11-->src\main\AndroidManifest.xml:5:2-63
11-->src\main\AndroidManifest.xml:5:19-61
12    <uses-permission android:name="android.permission.ACCESS_NETWORK_STATE" />
12-->src\main\AndroidManifest.xml:6:2-75
12-->src\main\AndroidManifest.xml:6:19-73
13    <uses-permission android:name="android.permission.MODIFY_AUDIO_SETTINGS" />
13-->src\main\AndroidManifest.xml:7:2-77
13-->src\main\AndroidManifest.xml:7:19-74
14    <uses-permission android:name="android.permission.ACCESS_WIFI_STATE" />
14-->src\main\AndroidManifest.xml:8:2-73
14-->src\main\AndroidManifest.xml:8:19-70
15    <uses-permission android:name="android.permission.WAKE_LOCK" />
15-->[com.google.android.gms:play-services-measurement-api:21.1.0] AndroidManifest.xml:24:5-68
15-->[com.google.android.gms:play-services-measurement-api:21.1.0] AndroidManifest.xml:24:22-65
16    <uses-permission android:name="com.google.android.gms.permission.AD_ID" />
16-->[com.google.android.gms:play-services-measurement-api:21.1.0] AndroidManifest.xml:25:5-79
16-->[com.google.android.gms:play-services-measurement-api:21.1.0] AndroidManifest.xml:25:22-76
17    <uses-permission android:name="com.google.android.finsky.permission.BIND_GET_INSTALL_REFERRER_SERVICE" />
17-->[com.google.android.gms:play-services-measurement:21.1.0] AndroidManifest.xml:26:5-110
17-->[com.google.android.gms:play-services-measurement:21.1.0] AndroidManifest.xml:26:22-107
18
19    <application
19-->src\main\AndroidManifest.xml:10:2-43:16
20        android:appComponentFactory="androidx.core.app.CoreComponentFactory"
20-->[androidx.core:core:1.3.2] AndroidManifest.xml:24:18-86
21        android:debuggable="true"
22        android:icon="@drawable/app_icon"
22-->src\main\AndroidManifest.xml:14:3-36
23        android:label="JossFM"
23-->src\main\AndroidManifest.xml:13:3-25
24        android:testOnly="true"
25        android:theme="@style/AppTheme"
25-->src\main\AndroidManifest.xml:15:3-34
26        android:usesCleartextTraffic="true" >
26-->src\main\AndroidManifest.xml:12:3-38
27        <activity
27-->src\main\AndroidManifest.xml:16:3-25:14
28            android:name="com.akapps.jossfm4u.MainActivity"
28-->src\main\AndroidManifest.xml:17:4-32
29            android:configChanges="orientation|screenSize"
29-->src\main\AndroidManifest.xml:18:4-50
30            android:exported="true"
30-->src\main\AndroidManifest.xml:19:4-27
31            android:screenOrientation="portrait" >
31-->src\main\AndroidManifest.xml:20:4-40
32            <intent-filter>
32-->src\main\AndroidManifest.xml:21:4-24:20
33                <action android:name="android.intent.action.MAIN" />
33-->src\main\AndroidManifest.xml:22:5-56
33-->src\main\AndroidManifest.xml:22:13-54
34
35                <category android:name="android.intent.category.LAUNCHER" />
35-->src\main\AndroidManifest.xml:23:5-64
35-->src\main\AndroidManifest.xml:23:15-62
36            </intent-filter>
37        </activity>
38        <activity
38-->src\main\AndroidManifest.xml:26:3-29:42
39            android:name="com.akapps.jossfm4u.HomeActivity"
39-->src\main\AndroidManifest.xml:27:4-32
40            android:configChanges="orientation|screenSize"
40-->src\main\AndroidManifest.xml:28:4-50
41            android:screenOrientation="portrait" />
41-->src\main\AndroidManifest.xml:29:4-40
42        <activity
42-->src\main\AndroidManifest.xml:30:3-33:42
43            android:name="com.akapps.jossfm4u.AboutActivity"
43-->src\main\AndroidManifest.xml:31:4-33
44            android:configChanges="orientation|screenSize"
44-->src\main\AndroidManifest.xml:32:4-50
45            android:screenOrientation="portrait" />
45-->src\main\AndroidManifest.xml:33:4-40
46        <activity
46-->src\main\AndroidManifest.xml:34:3-37:42
47            android:name="com.akapps.jossfm4u.QueryActivity"
47-->src\main\AndroidManifest.xml:35:4-33
48            android:configChanges="orientation|screenSize"
48-->src\main\AndroidManifest.xml:36:4-50
49            android:screenOrientation="portrait" />
49-->src\main\AndroidManifest.xml:37:4-40
50        <activity
50-->src\main\AndroidManifest.xml:38:3-41:42
51            android:name="com.akapps.jossfm4u.EventsActivity"
51-->src\main\AndroidManifest.xml:39:4-34
52            android:configChanges="orientation|screenSize"
52-->src\main\AndroidManifest.xml:40:4-50
53            android:screenOrientation="portrait" />
53-->src\main\AndroidManifest.xml:41:4-40
54
55        <service
55-->[com.google.firebase:firebase-database:20.0.5] AndroidManifest.xml:29:9-35:19
56            android:name="com.google.firebase.components.ComponentDiscoveryService"
56-->[com.google.firebase:firebase-database:20.0.5] AndroidManifest.xml:30:13-84
57            android:directBootAware="true"
57-->[com.google.firebase:firebase-common:20.1.1] AndroidManifest.xml:35:13-43
58            android:exported="false" >
58-->[com.google.firebase:firebase-database:20.0.5] AndroidManifest.xml:31:13-37
59            <meta-data
59-->[com.google.firebase:firebase-database:20.0.5] AndroidManifest.xml:32:13-34:85
60                android:name="com.google.firebase.components:com.google.firebase.database.DatabaseRegistrar"
60-->[com.google.firebase:firebase-database:20.0.5] AndroidManifest.xml:33:17-109
61                android:value="com.google.firebase.components.ComponentRegistrar" />
61-->[com.google.firebase:firebase-database:20.0.5] AndroidManifest.xml:34:17-82
62            <meta-data
62-->[com.google.android.gms:play-services-measurement-api:21.1.0] AndroidManifest.xml:31:13-33:85
63                android:name="com.google.firebase.components:com.google.firebase.analytics.connector.internal.AnalyticsConnectorRegistrar"
63-->[com.google.android.gms:play-services-measurement-api:21.1.0] AndroidManifest.xml:32:17-139
64                android:value="com.google.firebase.components.ComponentRegistrar" />
64-->[com.google.android.gms:play-services-measurement-api:21.1.0] AndroidManifest.xml:33:17-82
65            <meta-data
65-->[com.google.firebase:firebase-installations:17.0.1] AndroidManifest.xml:18:13-20:85
66                android:name="com.google.firebase.components:com.google.firebase.installations.FirebaseInstallationsRegistrar"
66-->[com.google.firebase:firebase-installations:17.0.1] AndroidManifest.xml:19:17-127
67                android:value="com.google.firebase.components.ComponentRegistrar" />
67-->[com.google.firebase:firebase-installations:17.0.1] AndroidManifest.xml:20:17-82
68        </service>
69
70        <provider
70-->[com.google.firebase:firebase-common:20.1.1] AndroidManifest.xml:26:9-31:39
71            android:name="com.google.firebase.provider.FirebaseInitProvider"
71-->[com.google.firebase:firebase-common:20.1.1] AndroidManifest.xml:27:13-77
72            android:authorities="com.akapps.jossfm4u.firebaseinitprovider"
72-->[com.google.firebase:firebase-common:20.1.1] AndroidManifest.xml:28:13-72
73            android:directBootAware="true"
73-->[com.google.firebase:firebase-common:20.1.1] AndroidManifest.xml:29:13-43
74            android:exported="false"
74-->[com.google.firebase:firebase-common:20.1.1] AndroidManifest.xml:30:13-37
75            android:initOrder="100" />
75-->[com.google.firebase:firebase-common:20.1.1] AndroidManifest.xml:31:13-36
76
77        <receiver
77-->[com.google.android.gms:play-services-measurement:21.1.0] AndroidManifest.xml:29:9-33:20
78            android:name="com.google.android.gms.measurement.AppMeasurementReceiver"
78-->[com.google.android.gms:play-services-measurement:21.1.0] AndroidManifest.xml:30:13-85
79            android:enabled="true"
79-->[com.google.android.gms:play-services-measurement:21.1.0] AndroidManifest.xml:31:13-35
80            android:exported="false" >
80-->[com.google.android.gms:play-services-measurement:21.1.0] AndroidManifest.xml:32:13-37
81        </receiver>
82
83        <service
83-->[com.google.android.gms:play-services-measurement:21.1.0] AndroidManifest.xml:35:9-38:40
84            android:name="com.google.android.gms.measurement.AppMeasurementService"
84-->[com.google.android.gms:play-services-measurement:21.1.0] AndroidManifest.xml:36:13-84
85            android:enabled="true"
85-->[com.google.android.gms:play-services-measurement:21.1.0] AndroidManifest.xml:37:13-35
86            android:exported="false" />
86-->[com.google.android.gms:play-services-measurement:21.1.0] AndroidManifest.xml:38:13-37
87        <service
87-->[com.google.android.gms:play-services-measurement:21.1.0] AndroidManifest.xml:39:9-43:72
88            android:name="com.google.android.gms.measurement.AppMeasurementJobService"
88-->[com.google.android.gms:play-services-measurement:21.1.0] AndroidManifest.xml:40:13-87
89            android:enabled="true"
89-->[com.google.android.gms:play-services-measurement:21.1.0] AndroidManifest.xml:41:13-35
90            android:exported="false"
90-->[com.google.android.gms:play-services-measurement:21.1.0] AndroidManifest.xml:42:13-37
91            android:permission="android.permission.BIND_JOB_SERVICE" />
91-->[com.google.android.gms:play-services-measurement:21.1.0] AndroidManifest.xml:43:13-69
92
93        <activity
93-->[com.google.android.gms:play-services-base:18.0.1] AndroidManifest.xml:20:9-22:45
94            android:name="com.google.android.gms.common.api.GoogleApiActivity"
94-->[com.google.android.gms:play-services-base:18.0.1] AndroidManifest.xml:20:19-85
95            android:exported="false"
95-->[com.google.android.gms:play-services-base:18.0.1] AndroidManifest.xml:22:19-43
96            android:theme="@android:style/Theme.Translucent.NoTitleBar" />
96-->[com.google.android.gms:play-services-base:18.0.1] AndroidManifest.xml:21:19-78
97
98        <meta-data
98-->[com.google.android.gms:play-services-basement:18.0.0] AndroidManifest.xml:21:9-23:69
99            android:name="com.google.android.gms.version"
99-->[com.google.android.gms:play-services-basement:18.0.0] AndroidManifest.xml:22:13-58
100            android:value="@integer/google_play_services_version" />
100-->[com.google.android.gms:play-services-basement:18.0.0] AndroidManifest.xml:23:13-66
101    </application>
102
103</manifest>